#
# A fatal error has been detected by the Java Runtime Environment:
#
#  EXCEPTION_ACCESS_VIOLATION (0xc0000005) at pc=0x00000207c55f1050, pid=10188, tid=20868
#
# JRE version: Java(TM) SE Runtime Environment (21.0.2+13) (build 21.0.2+13-LTS-58)
# Java VM: Java HotSpot(TM) 64-Bit Server VM (21.0.2+13-LTS-58, mixed mode, emulated-client, sharing, tiered, compressed oops, compressed class ptrs, g1 gc, windows-amd64)
# Problematic frame:
# v  ~BufferBlob::MethodHandles adapters 0x00000207c55f1050
#
# No core dump will be written. Minidumps are not enabled by default on client versions of Windows
#
# If you would like to submit a bug report, please visit:
#   https://bugreport.java.com/bugreport/crash.jsp
#

---------------  S U M M A R Y ------------

Command Line: -XX:+ShowCodeDetailsInExceptionMessages -agentlib:jdwp=transport=dt_socket,suspend=y,address=localhost:53330 -Dcom.sun.management.jmxremote -Dcom.sun.management.jmxremote.port=53329 -Dcom.sun.management.jmxremote.authenticate=false -Dcom.sun.management.jmxremote.ssl=false -Djava.rmi.server.hostname=localhost -Dspring.jmx.enabled=true -Dmanagement.endpoints.jmx.exposure.include=* -Dspring.application.admin.enabled=true -XX:TieredStopAtLevel=1 -Dspring.boot.project.name=simple-blog -javaagent:S:\sts-4.21.1.RELEASE\configuration\org.eclipse.osgi\259\0\.cp\lib\javaagent-shaded.jar -Dfile.encoding=UTF-8 -Dstdout.encoding=UTF-8 -Dstderr.encoding=UTF-8 com.blog.SimpleBlogApplication --spring.output.ansi.enabled=always

Host: 12th Gen Intel(R) Core(TM) i7-12650H, 16 cores, 15G,  Windows 11 , 64 bit Build 22621 (10.0.22621.2506)
Time: Thu Feb 15 20:04:21 2024 SE Asia Standard Time elapsed time: 315.146317 seconds (0d 0h 5m 15s)

---------------  T H R E A D  ---------------

Current thread (0x00000207bae17860):  JavaThread "main"             [_thread_in_Java, id=20868, stack(0x000000083ee00000,0x000000083ef00000) (1024K)]

Stack: [0x000000083ee00000,0x000000083ef00000],  sp=0x000000083eefe338,  free space=1016k
Native frames: (J=compiled Java code, j=interpreted, Vv=VM code, C=native code)
C  0x00000207c55f1050

The last pc belongs to _linkToSpecial (printed below).

siginfo: EXCEPTION_ACCESS_VIOLATION (0xc0000005), reading address 0xffffffffffffffff


Registers:
RAX=0x00000207c55c9086, RBX=0xe0d7a74c00000000, RCX=0x000000083eefe340, RDX=0x0000000000000002
RSP=0x000000083eefe338, RBP=0x000000083eefe388, RSI=0x00000207baded9e8, RDI=0x0000020817af7230
R8 =0x0000000000000002, R9 =0x0000000000000002, R10=0x00007ff9abbec610, R11=0x00000207d10b6c70
R12=0x0000000000000000, R13=0x000000083eefe338, R14=0x000000083eefe3a8, R15=0x00000207bae17860
RIP=0x00000207c55f1050, EFLAGS=0x0000000000010202


Register to memory mapping:

RAX=0x00000207c55c9086 is at code_begin+3078 in an Interpreter codelet
return entry points  [0x00000207c55c8480, 0x00000207c55ca298]  7704 bytes
RBX=0xe0d7a74c00000000 is an unknown value
RCX=0x000000083eefe340 is pointing into the stack for thread: 0x00000207bae17860
RDX=0x0000000000000002 is an unknown value
RSP=0x000000083eefe338 is pointing into the stack for thread: 0x00000207bae17860
RBP=0x000000083eefe388 is pointing into the stack for thread: 0x00000207bae17860
RSI=0x00000207baded9e8 points into unknown readable memory: 0x80000a001b37784f | 4f 78 37 1b 00 0a 00 80
RDI=0x0000020817af7230 points into unknown readable memory: 0x0000001800000070 | 70 00 00 00 18 00 00 00
R8 =0x0000000000000002 is an unknown value
R9 =0x0000000000000002 is an unknown value
R10=0x00007ff9abbec610 jvm.dll
R11={method} {0x00000207d10b6c78} 'newInvokeSpecial' '(Ljava/lang/Object;)Ljava/lang/Object;' in 'java/lang/invoke/DirectMethodHandle$Holder'
R12=0x0 is null
R13=0x000000083eefe338 is pointing into the stack for thread: 0x00000207bae17860
R14=0x000000083eefe3a8 is pointing into the stack for thread: 0x00000207bae17860
R15=0x00000207bae17860 is a thread

Top of Stack: (sp=0x000000083eefe338)
0x000000083eefe338:   00000207c55c9086 000000083eefe340
0x000000083eefe348:   00000207d172de87 0000000000000004
0x000000083eefe358:   00000207d10b2128 000000070b314550
0x000000083eefe368:   00000007044c93a0 00000207d10b6c70
0x000000083eefe378:   000000083eefe338 000000083eefe3b0
0x000000083eefe388:   000000083eefe718 00000207c59e62cb
0x000000083eefe398:   0000000706bd3968 0000000706bd3a10
0x000000083eefe3a8:   0000000706bd39c8 0000000706bd3778
0x000000083eefe3b8:   0000000000000006 000000083eefe718
0x000000083eefe3c8:   00000207c5a55f0c 0000000000000000
0x000000083eefe3d8:   0000000000000000 0000000000000000
0x000000083eefe3e8:   0000000000000000 0000000000000000
0x000000083eefe3f8:   0000000000000000 00007ff9ab147001
0x000000083eefe408:   00000207bae17860 0000000000000000
0x000000083eefe418:   0000000000000000 0000000000000000
0x000000083eefe428:   00000007044c8748 000000070b314550
0x000000083eefe438:   0000000706bd3640 0000000706bd3640
0x000000083eefe448:   0000000706bd3778 0000000706bd39f8
0x000000083eefe458:   0000000706bd37d0 000000070b314550
0x000000083eefe468:   0000000000000001 000000083eefe718
0x000000083eefe478:   0000020700000000 0000000000000000
0x000000083eefe488:   0000000000000000 0000000706bd39c8
0x000000083eefe498:   00000207c59e1bdc 0000000000000000
0x000000083eefe4a8:   0000000000000000 0000000000000000
0x000000083eefe4b8:   0000000000000000 00000207bae17860
0x000000083eefe4c8:   0000000000000000 0000000706bd3778
0x000000083eefe4d8:   0000000000000000 0000000706bd3640
0x000000083eefe4e8:   0000000706bd39f8 0000000706bd3778
0x000000083eefe4f8:   0000000000000000 000000083eefe600
0x000000083eefe508:   00000207c59e57ec 000000083eefe718
0x000000083eefe518:   00000207c59e146a 0000000000000000
0x000000083eefe528:   00000207c59611a9 00000207bae17860 

Instructions: (pc=0x00000207c55f1050)
0x00000207c55f0f50:   bf e0 05 00 00 00 74 03 ff 63 38 ff 63 50 e9 9d
0x00000207c55f0f60:   16 00 00 66 66 66 0f 1f 84 00 00 00 00 00 66 66
0x00000207c55f0f70:   66 90 66 66 0f 1f 84 00 00 00 00 00 66 66 66 90
0x00000207c55f0f80:   48 8b 53 08 0f b7 52 2e 48 8b 0c d4 58 5b 50 44
0x00000207c55f0f90:   8b 51 08 49 bb 00 00 00 d1 07 02 00 00 4d 03 d3
0x00000207c55f0fa0:   4c 8b 5b 10 4b 8b 9c da c8 01 00 00 48 85 db 0f
0x00000207c55f0fb0:   84 10 00 00 00 41 80 bf e0 05 00 00 00 74 03 ff
0x00000207c55f0fc0:   63 38 ff 63 50 e9 36 16 00 00 66 66 66 0f 1f 84
0x00000207c55f0fd0:   00 00 00 00 00 66 66 66 90 0f 1f 80 00 00 00 00
0x00000207c55f0fe0:   58 5b 50 8b 5b 24 48 c1 e3 03 48 8b 5b 10 48 85
0x00000207c55f0ff0:   db 0f 84 10 00 00 00 41 80 bf e0 05 00 00 00 74
0x00000207c55f1000:   03 ff 63 38 ff 63 50 e9 f4 15 00 00 66 66 66 0f
0x00000207c55f1010:   1f 84 00 00 00 00 00 66 66 66 90 0f 1f 44 00 00
0x00000207c55f1020:   48 8b 53 08 0f b7 52 2e 48 8b 0c d4 58 5b 50 48
0x00000207c55f1030:   3b 01 8b 5b 24 48 c1 e3 03 48 8b 5b 10 48 85 db
0x00000207c55f1040:   0f 84 10 00 00 00 41 80 bf e0 05 00 00 00 74 03
0x00000207c55f1050:   ff 63 38 ff 63 50 e9 a5 15 00 00 0f 1f 44 00 00
0x00000207c55f1060:   48 8b 53 08 0f b7 52 2e 48 8b 0c d4 58 5b 50 44
0x00000207c55f1070:   8b 51 08 49 bb 00 00 00 d1 07 02 00 00 4d 03 d3
0x00000207c55f1080:   8b 43 18 48 c1 e0 03 48 8b 40 10 48 8b 5b 10 45
0x00000207c55f1090:   8b 9a a0 00 00 00 4f 8d 9c da c8 01 00 00 4d 8d
0x00000207c55f10a0:   14 da 49 8b 1b 48 3b c3 74 15 48 85 db 0f 84 32
0x00000207c55f10b0:   00 00 00 49 83 c3 10 49 8b 1b 48 3b c3 75 eb 45
0x00000207c55f10c0:   8b 5b 08 4b 8b 1c 1a 48 85 db 0f 84 10 00 00 00
0x00000207c55f10d0:   41 80 bf e0 05 00 00 00 74 03 ff 63 38 ff 63 50
0x00000207c55f10e0:   e9 1b 15 00 00 e9 16 12 00 00 f4 00 00 00 00 00
0x00000207c55f10f0:   00 00 00 00 00 00 00 00 00 00 00 00 00 00 00 00
0x00000207c55f1100:   00 00 00 00 00 00 00 00 00 00 00 00 00 00 00 00
0x00000207c55f1110:   00 00 00 00 00 00 00 00 00 00 00 00 00 00 00 00
0x00000207c55f1120:   00 00 00 00 00 00 00 00 00 00 00 00 00 00 00 00
0x00000207c55f1130:   00 00 00 00 00 00 00 00 00 00 00 00 00 00 00 00
0x00000207c55f1140:   00 00 00 00 00 00 00 00 00 00 00 00 00 00 00 00 


Stack slot to memory mapping:

stack at sp + 0 slots: 0x00000207c55c9086 is at code_begin+3078 in an Interpreter codelet
return entry points  [0x00000207c55c8480, 0x00000207c55ca298]  7704 bytes
stack at sp + 1 slots: 0x000000083eefe340 is pointing into the stack for thread: 0x00000207bae17860
stack at sp + 2 slots: 0x00000207d172de87 is pointing into metadata
stack at sp + 3 slots: 0x0000000000000004 is an unknown value
stack at sp + 4 slots: 0x00000207d10b2128 is pointing into metadata
stack at sp + 5 slots: 0x000000070b314550 is an oop: java.lang.Class 
{0x000000070b314550} - klass: 'java/lang/Class'
 - ---- fields (total size 14 words):
 - private volatile transient 'classRedefinedCount' 'I' @12  1 (0x00000001)
 - injected 'klass' 'J' @16  2232614207712 (0x00000207d22d40e0)
 - injected 'array_klass' 'J' @24  0 (0x0000000000000000)
 - injected 'oop_size' 'I' @32  14 (0x0000000e)
 - injected 'static_oop_field_count' 'I' @36  0 (0x00000000)
 - private volatile transient 'cachedConstructor' 'Ljava/lang/reflect/Constructor;' @40  null (0x00000000)
 - private transient 'name' 'Ljava/lang/String;' @44  "com.blog.controller.PostController"{0x000000070b317128} (0xe1662e25)
 - private transient 'module' 'Ljava/lang/Module;' @48  a 'java/lang/Module'{0x0000000704492e90} (0xe08925d2)
 - private final 'classLoader' 'Ljava/lang/ClassLoader;' @52  a 'jdk/internal/loader/ClassLoaders$AppClassLoader'{0x0000000704492b38} (0xe0892567)
 - private transient 'classData' 'Ljava/lang/Object;' @56  null (0x00000000)
 - private transient 'packageName' 'Ljava/lang/String;' @60  "com.blog.controller"{0x000000070b317178} (0xe1662e2f)
 - private final 'componentType' 'Ljava/lang/Class;' @64  null (0x00000000)
 - private volatile transient 'reflectionData' 'Ljava/lang/ref/SoftReference;' @68  a 'java/lang/ref/SoftReference'{0x0000000706bbd750} (0xe0d77aea)
 - private volatile transient 'genericInfo' 'Lsun/reflect/generics/repository/ClassRepository;' @72  null (0x00000000)
 - private volatile transient 'enumConstants' '[Ljava/lang/Object;' @76  null (0x00000000)
 - private volatile transient 'enumConstantDirectory' 'Ljava/util/Map;' @80  null (0x00000000)
 - private volatile transient 'annotationData' 'Ljava/lang/Class$AnnotationData;' @84  null (0x00000000)
 - private volatile transient 'annotationType' 'Lsun/reflect/annotation/AnnotationType;' @88  null (0x00000000)
 - transient 'classValueMap' 'Ljava/lang/ClassValue$ClassValueMap;' @92  null (0x00000000)
 - injected 'protection_domain' 'Ljava/lang/Object;' @96  a 'java/security/ProtectionDomain'{0x00000007047817a0} (0xe08f02f4)
 - injected 'signers_name' 'Ljava/lang/Object;' @100  null (0x00000000)
 - injected 'source_file' 'Ljava/lang/Object;' @104  null (0x00000000)
 - signature: Lcom/blog/controller/PostController;
 - ---- static fields (0):
stack at sp + 6 slots: 0x00000007044c93a0 is an oop: java.lang.Class 
{0x00000007044c93a0} - klass: 'java/lang/Class'
 - ---- fields (total size 14 words):
 - private volatile transient 'classRedefinedCount' 'I' @12  0 (0x00000000)
 - injected 'klass' 'J' @16  2232595193080 (0x00000207d10b1cf8)
 - injected 'array_klass' 'J' @24  0 (0x0000000000000000)
 - injected 'oop_size' 'I' @32  14 (0x0000000e)
 - injected 'static_oop_field_count' 'I' @36  0 (0x00000000)
 - private volatile transient 'cachedConstructor' 'Ljava/lang/reflect/Constructor;' @40  null (0x00000000)
 - private transient 'name' 'Ljava/lang/String;' @44  null (0x00000000)
 - private transient 'module' 'Ljava/lang/Module;' @48  a 'java/lang/Module'{0x0000000704493478} (0xe089268f)
 - private final 'classLoader' 'Ljava/lang/ClassLoader;' @52  null (0x00000000)
 - private transient 'classData' 'Ljava/lang/Object;' @56  null (0x00000000)
 - private transient 'packageName' 'Ljava/lang/String;' @60  null (0x00000000)
 - private final 'componentType' 'Ljava/lang/Class;' @64  null (0x00000000)
 - private volatile transient 'reflectionData' 'Ljava/lang/ref/SoftReference;' @68  null (0x00000000)
 - private volatile transient 'genericInfo' 'Lsun/reflect/generics/repository/ClassRepository;' @72  null (0x00000000)
 - private volatile transient 'enumConstants' '[Ljava/lang/Object;' @76  null (0x00000000)
 - private volatile transient 'enumConstantDirectory' 'Ljava/util/Map;' @80  null (0x00000000)
 - private volatile transient 'annotationData' 'Ljava/lang/Class$AnnotationData;' @84  null (0x00000000)
 - private volatile transient 'annotationType' 'Lsun/reflect/annotation/AnnotationType;' @88  null (0x00000000)
 - transient 'classValueMap' 'Ljava/lang/ClassValue$ClassValueMap;' @92  null (0x00000000)
 - injected 'protection_domain' 'Ljava/lang/Object;' @96  null (0x00000000)
 - injected 'signers_name' 'Ljava/lang/Object;' @100  null (0x00000000)
 - injected 'source_file' 'Ljava/lang/Object;' @104  null (0x00000000)
 - signature: Ljava/lang/invoke/DirectMethodHandle$Holder;
 - ---- static fields (0):
stack at sp + 7 slots: {method} {0x00000207d10b6c78} 'newInvokeSpecial' '(Ljava/lang/Object;)Ljava/lang/Object;' in 'java/lang/invoke/DirectMethodHandle$Holder'

MethodHandle::interpreter_entry::_linkToSpecial [0x00000207c55f100c, 0x00000207c55f105b] (79 bytes)
[MachCode]
  0x00000207c55f100c: 6666 660f | 1f84 0000 | 0000 0066 | 6666 900f | 1f44 0000 | 488b 5308 | 0fb7 522e | 488b 0cd4 
  0x00000207c55f102c: 585b 5048 | 3b01 8b5b | 2448 c1e3 | 0348 8b5b | 1048 85db | 0f84 1000 | 0000 4180 | bfe0 0500 
  0x00000207c55f104c: 0000 7403 | ff63 38ff | 6350 e9a5 | 
[/MachCode]

---------------  P R O C E S S  ---------------

Threads class SMR info:
_java_thread_list=0x00000208179a4e60, length=22, elements={
0x00000207bae17860, 0x00000207d0b48640, 0x00000207d0b49c00, 0x00000207d0b4c2d0,
0x00000207d0b4f0b0, 0x00000207d0b51e80, 0x00000207d0b53820, 0x00000207d0b57780,
0x000002081610a250, 0x0000020816174660, 0x0000020816179e90, 0x000002081617da40,
0x00000208164424d0, 0x0000020816630330, 0x0000020816637ac0, 0x0000020816647340,
0x0000020816944860, 0x0000020816960770, 0x0000020816975810, 0x00000208179bd4f0,
0x00000208179bad90, 0x00000208179bc7d0
}

Java Threads: ( => current thread )
=>0x00000207bae17860 JavaThread "main"                              [_thread_in_Java, id=20868, stack(0x000000083ee00000,0x000000083ef00000) (1024K)]
  0x00000207d0b48640 JavaThread "Reference Handler"          daemon [_thread_blocked, id=16308, stack(0x000000083f700000,0x000000083f800000) (1024K)]
  0x00000207d0b49c00 JavaThread "Finalizer"                  daemon [_thread_blocked, id=17628, stack(0x000000083f800000,0x000000083f900000) (1024K)]
  0x00000207d0b4c2d0 JavaThread "Signal Dispatcher"          daemon [_thread_blocked, id=16252, stack(0x000000083f900000,0x000000083fa00000) (1024K)]
  0x00000207d0b4f0b0 JavaThread "Attach Listener"            daemon [_thread_blocked, id=20000, stack(0x000000083fa00000,0x000000083fb00000) (1024K)]
  0x00000207d0b51e80 JavaThread "Service Thread"             daemon [_thread_blocked, id=11248, stack(0x000000083fb00000,0x000000083fc00000) (1024K)]
  0x00000207d0b53820 JavaThread "Monitor Deflation Thread"   daemon [_thread_blocked, id=12736, stack(0x000000083fc00000,0x000000083fd00000) (1024K)]
  0x00000207d0b57780 JavaThread "C1 CompilerThread0"         daemon [_thread_blocked, id=24420, stack(0x000000083fd00000,0x000000083fe00000) (1024K)]
  0x000002081610a250 JavaThread "Common-Cleaner"             daemon [_thread_blocked, id=24412, stack(0x000000083ff00000,0x0000000840000000) (1024K)]
  0x0000020816174660 JavaThread "JDWP Transport Listener: dt_socket" daemon [_thread_blocked, id=23884, stack(0x0000000840200000,0x0000000840300000) (1024K)]
  0x0000020816179e90 JavaThread "JDWP Event Helper Thread"   daemon [_thread_blocked, id=18720, stack(0x0000000840300000,0x0000000840400000) (1024K)]
  0x000002081617da40 JavaThread "JDWP Command Reader"        daemon [_thread_in_native, id=11184, stack(0x0000000840400000,0x0000000840500000) (1024K)]
  0x00000208164424d0 JavaThread "Notification Thread"        daemon [_thread_blocked, id=24064, stack(0x0000000840500000,0x0000000840600000) (1024K)]
  0x0000020816630330 JavaThread "RMI TCP Accept-0"           daemon [_thread_in_native, id=6240, stack(0x0000000840600000,0x0000000840700000) (1024K)]
  0x0000020816637ac0 JavaThread "RMI TCP Accept-53329"       daemon [_thread_in_native, id=12964, stack(0x0000000840700000,0x0000000840800000) (1024K)]
  0x0000020816647340 JavaThread "RMI TCP Accept-0"           daemon [_thread_in_native, id=13012, stack(0x0000000840800000,0x0000000840900000) (1024K)]
  0x0000020816944860 JavaThread "RMI Scheduler(0)"           daemon [_thread_blocked, id=15548, stack(0x0000000841400000,0x0000000841500000) (1024K)]
  0x0000020816960770 JavaThread "RMI TCP Connection(2)-127.0.0.1" daemon [_thread_in_native, id=18256, stack(0x0000000841500000,0x0000000841600000) (1024K)]
  0x0000020816975810 JavaThread "JMX server connection timeout 49" daemon [_thread_blocked, id=11060, stack(0x0000000841600000,0x0000000841700000) (1024K)]
  0x00000208179bd4f0 JavaThread "Catalina-utility-1"                [_thread_blocked, id=19992, stack(0x0000000841900000,0x0000000841a00000) (1024K)]
  0x00000208179bad90 JavaThread "Catalina-utility-2"                [_thread_blocked, id=2900, stack(0x0000000842400000,0x0000000842500000) (1024K)]
  0x00000208179bc7d0 JavaThread "container-0"                       [_thread_blocked, id=9604, stack(0x0000000842500000,0x0000000842600000) (1024K)]
Total: 22

Other Threads:
  0x00000207d0b27730 VMThread "VM Thread"                           [id=25520, stack(0x000000083f500000,0x000000083f600000) (1024K)] _threads_hazard_ptr=0x00000208179a4e60
  0x00000207d0b11410 WatcherThread "VM Periodic Task Thread"        [id=24048, stack(0x000000083f400000,0x000000083f500000) (1024K)]
  0x00000207bd1ca2f0 WorkerThread "GC Thread#0"                     [id=16968, stack(0x000000083ef00000,0x000000083f000000) (1024K)]
  0x00000207bd161050 WorkerThread "GC Thread#1"                     [id=17288, stack(0x0000000840900000,0x0000000840a00000) (1024K)]
  0x000002081664d060 WorkerThread "GC Thread#2"                     [id=17772, stack(0x0000000840a00000,0x0000000840b00000) (1024K)]
  0x00000208166ae0e0 WorkerThread "GC Thread#3"                     [id=1248, stack(0x0000000840b00000,0x0000000840c00000) (1024K)]
  0x00000208166ae890 WorkerThread "GC Thread#4"                     [id=7900, stack(0x0000000840c00000,0x0000000840d00000) (1024K)]
  0x00000208166aec30 WorkerThread "GC Thread#5"                     [id=24696, stack(0x0000000840d00000,0x0000000840e00000) (1024K)]
  0x0000020816693150 WorkerThread "GC Thread#6"                     [id=17476, stack(0x0000000840e00000,0x0000000840f00000) (1024K)]
  0x00000208166934f0 WorkerThread "GC Thread#7"                     [id=24940, stack(0x0000000840f00000,0x0000000841000000) (1024K)]
  0x0000020816693890 WorkerThread "GC Thread#8"                     [id=7504, stack(0x0000000841000000,0x0000000841100000) (1024K)]
  0x0000020816696260 WorkerThread "GC Thread#9"                     [id=7432, stack(0x0000000841100000,0x0000000841200000) (1024K)]
  0x0000020816696600 WorkerThread "GC Thread#10"                    [id=3048, stack(0x0000000841200000,0x0000000841300000) (1024K)]
  0x0000020816695ec0 WorkerThread "GC Thread#11"                    [id=6332, stack(0x0000000841700000,0x0000000841800000) (1024K)]
  0x0000020816694ca0 WorkerThread "GC Thread#12"                    [id=2496, stack(0x0000000841800000,0x0000000841900000) (1024K)]
  0x00000207bd1dae90 ConcurrentGCThread "G1 Main Marker"            [id=22464, stack(0x000000083f000000,0x000000083f100000) (1024K)]
  0x00000207bd1db990 WorkerThread "G1 Conc#0"                       [id=19644, stack(0x000000083f100000,0x000000083f200000) (1024K)]
  0x0000020816695040 WorkerThread "G1 Conc#1"                       [id=2580, stack(0x0000000842200000,0x0000000842300000) (1024K)]
  0x0000020816695b20 WorkerThread "G1 Conc#2"                       [id=6976, stack(0x0000000842300000,0x0000000842400000) (1024K)]
  0x00000207d09e42f0 ConcurrentGCThread "G1 Refine#0"               [id=18656, stack(0x000000083f200000,0x000000083f300000) (1024K)]
  0x00000207d09e4e60 ConcurrentGCThread "G1 Service"                [id=7324, stack(0x000000083f300000,0x000000083f400000) (1024K)]
Total: 21

Threads with active compile tasks:
Total: 0

VM state: synchronizing (normal execution)

VM Mutex/Monitor currently owned by a thread:  ([mutex/lock_event])
[0x00007ff9abbdcd68] Threads_lock - owner thread: 0x00000207d0b27730

Heap address: 0x0000000704400000, size: 4028 MB, Compressed Oops mode: Zero based, Oop shift amount: 3

CDS archive(s) mapped at: [0x00000207d1000000-0x00000207d1c90000-0x00000207d1c90000), size 13172736, SharedBaseAddress: 0x00000207d1000000, ArchiveRelocationMode: 1.
Compressed class space mapped at: 0x00000207d2000000-0x0000020812000000, reserved size: 1073741824
Narrow klass base: 0x00000207d1000000, Narrow klass shift: 0, Narrow klass range: 0x100000000

GC Precious Log:
 CardTable entry size: 512
 Card Set container configuration: InlinePtr #cards 4 size 8 Array Of Cards #cards 16 size 48 Howl #buckets 8 coarsen threshold 3686 Howl Bitmap #cards 512 size 80 coarsen threshold 460 Card regions per heap region 1 cards per card region 4096
 CPUs: 16 total, 16 available
 Memory: 16109M
 Large Page Support: Disabled
 NUMA Support: Disabled
 Compressed Oops: Enabled (Zero based)
 Heap Region Size: 2M
 Heap Min Capacity: 8M
 Heap Initial Capacity: 252M
 Heap Max Capacity: 4028M
 Pre-touch: Disabled
 Parallel Workers: 13
 Concurrent Workers: 3
 Concurrent Refinement Workers: 13
 Periodic GC: Disabled

Heap:
 garbage-first heap   total 61440K, used 40129K [0x0000000704400000, 0x0000000800000000)
  region size 2048K, 17 young (34816K), 3 survivors (6144K)
 Metaspace       used 27914K, committed 28480K, reserved 1114112K
  class space    used 3657K, committed 3904K, reserved 1048576K

Heap Regions: E=young(eden), S=young(survivor), O=old, HS=humongous(starts), HC=humongous(continues), CS=collection set, F=free, TAMS=top-at-mark-start, PB=parsable bottom
|   0|0x0000000704400000, 0x0000000704600000, 0x0000000704600000|100%| O|  |TAMS 0x0000000704400000| PB 0x0000000704400000| Untracked 
|   1|0x0000000704600000, 0x0000000704800000, 0x0000000704800000|100%| O|  |TAMS 0x0000000704600000| PB 0x0000000704600000| Untracked 
|   2|0x0000000704800000, 0x000000070484c000, 0x0000000704a00000| 14%| O|Cm|TAMS 0x0000000704800000| PB 0x0000000704800000| Complete 
|   3|0x0000000704a00000, 0x0000000704c00000, 0x0000000704c00000|100%| O|  |TAMS 0x0000000704a00000| PB 0x0000000704a00000| Untracked 
|   4|0x0000000704c00000, 0x0000000704e00000, 0x0000000704e00000|100%| O|  |TAMS 0x0000000704c00000| PB 0x0000000704c00000| Untracked 
|   5|0x0000000704e00000, 0x0000000704e00000, 0x0000000705000000|  0%| F|  |TAMS 0x0000000704e00000| PB 0x0000000704e00000| Untracked 
|   6|0x0000000705000000, 0x0000000705000000, 0x0000000705200000|  0%| F|  |TAMS 0x0000000705000000| PB 0x0000000705000000| Untracked 
|   7|0x0000000705200000, 0x0000000705200000, 0x0000000705400000|  0%| F|  |TAMS 0x0000000705200000| PB 0x0000000705200000| Untracked 
|   8|0x0000000705400000, 0x0000000705400000, 0x0000000705600000|  0%| F|  |TAMS 0x0000000705400000| PB 0x0000000705400000| Untracked 
|   9|0x0000000705600000, 0x0000000705600000, 0x0000000705800000|  0%| F|  |TAMS 0x0000000705600000| PB 0x0000000705600000| Untracked 
|  10|0x0000000705800000, 0x0000000705800000, 0x0000000705a00000|  0%| F|  |TAMS 0x0000000705800000| PB 0x0000000705800000| Untracked 
|  11|0x0000000705a00000, 0x0000000705a00000, 0x0000000705c00000|  0%| F|  |TAMS 0x0000000705a00000| PB 0x0000000705a00000| Untracked 
|  12|0x0000000705c00000, 0x0000000705c00000, 0x0000000705e00000|  0%| F|  |TAMS 0x0000000705c00000| PB 0x0000000705c00000| Untracked 
|  13|0x0000000705e00000, 0x0000000705f6dea8, 0x0000000706000000| 71%| E|  |TAMS 0x0000000705e00000| PB 0x0000000705e00000| Complete 
|  14|0x0000000706000000, 0x0000000706200000, 0x0000000706200000|100%| E|CS|TAMS 0x0000000706000000| PB 0x0000000706000000| Complete 
|  15|0x0000000706200000, 0x0000000706400000, 0x0000000706400000|100%| E|CS|TAMS 0x0000000706200000| PB 0x0000000706200000| Complete 
|  16|0x0000000706400000, 0x0000000706600000, 0x0000000706600000|100%| E|CS|TAMS 0x0000000706400000| PB 0x0000000706400000| Complete 
|  17|0x0000000706600000, 0x0000000706800000, 0x0000000706800000|100%| E|CS|TAMS 0x0000000706600000| PB 0x0000000706600000| Complete 
|  18|0x0000000706800000, 0x0000000706a00000, 0x0000000706a00000|100%| E|CS|TAMS 0x0000000706800000| PB 0x0000000706800000| Complete 
|  19|0x0000000706a00000, 0x0000000706c00000, 0x0000000706c00000|100%| E|CS|TAMS 0x0000000706a00000| PB 0x0000000706a00000| Complete 
|  20|0x0000000706c00000, 0x0000000706e00000, 0x0000000706e00000|100%| E|CS|TAMS 0x0000000706c00000| PB 0x0000000706c00000| Complete 
|  21|0x0000000706e00000, 0x0000000707000000, 0x0000000707000000|100%| E|CS|TAMS 0x0000000706e00000| PB 0x0000000706e00000| Complete 
|  22|0x0000000707000000, 0x0000000707200000, 0x0000000707200000|100%| E|CS|TAMS 0x0000000707000000| PB 0x0000000707000000| Complete 
|  23|0x0000000707200000, 0x0000000707400000, 0x0000000707400000|100%| E|CS|TAMS 0x0000000707200000| PB 0x0000000707200000| Complete 
|  24|0x0000000707400000, 0x0000000707600000, 0x0000000707600000|100%| E|CS|TAMS 0x0000000707400000| PB 0x0000000707400000| Complete 
|  25|0x0000000707600000, 0x0000000707800000, 0x0000000707800000|100%| E|CS|TAMS 0x0000000707600000| PB 0x0000000707600000| Complete 
|  54|0x000000070b000000, 0x000000070b0e47a0, 0x000000070b200000| 44%| S|CS|TAMS 0x000000070b000000| PB 0x000000070b000000| Complete 
|  55|0x000000070b200000, 0x000000070b400000, 0x000000070b400000|100%| S|CS|TAMS 0x000000070b200000| PB 0x000000070b200000| Complete 
|  56|0x000000070b400000, 0x000000070b600000, 0x000000070b600000|100%| S|CS|TAMS 0x000000070b400000| PB 0x000000070b400000| Complete 
| 125|0x0000000713e00000, 0x0000000714000000, 0x0000000714000000|100%| E|CS|TAMS 0x0000000713e00000| PB 0x0000000713e00000| Complete 

Card table byte_map: [0x00000207c9410000,0x00000207c9bf0000] _byte_map_base: 0x00000207c5bee000

Marking Bits: (CMBitMap*) 0x00000207bd1ca9f0
 Bits: [0x00000207c9bf0000, 0x00000207cdae0000)

Polling page: 0x00000207bb090000

Metaspace:

Usage:
  Non-class:     23.69 MB used.
      Class:      3.57 MB used.
       Both:     27.26 MB used.

Virtual space:
  Non-class space:       64.00 MB reserved,      24.00 MB ( 38%) committed,  1 nodes.
      Class space:        1.00 GB reserved,       3.81 MB ( <1%) committed,  1 nodes.
             Both:        1.06 GB reserved,      27.81 MB (  3%) committed. 

Chunk freelists:
   Non-Class:  7.77 MB
       Class:  12.20 MB
        Both:  19.96 MB

MaxMetaspaceSize: unlimited
CompressedClassSpaceSize: 1.00 GB
Initial GC threshold: 21.00 MB
Current GC threshold: 43.88 MB
CDS: on
 - commit_granule_bytes: 65536.
 - commit_granule_words: 8192.
 - virtual_space_node_default_size: 8388608.
 - enlarge_chunks_in_place: 1.
 - use_allocation_guard: 0.


Internal statistics:

num_allocs_failed_limit: 3.
num_arena_births: 720.
num_arena_deaths: 0.
num_vsnodes_births: 2.
num_vsnodes_deaths: 0.
num_space_committed: 445.
num_space_uncommitted: 0.
num_chunks_returned_to_freelist: 3.
num_chunks_taken_from_freelist: 1608.
num_chunk_merges: 3.
num_chunk_splits: 1099.
num_chunks_enlarged: 759.
num_inconsistent_stats: 0.

CodeCache: size=49152Kb used=8512Kb max_used=13797Kb free=40639Kb
 bounds [0x00000207c55c0000, 0x00000207c6340000, 0x00000207c85c0000]
 total_blobs=4759 nmethods=4210 adapters=472
 compilation: enabled
              stopped_count=0, restarted_count=0
 full_count=0

Compilation events (20 events):
Event: 199.662 Thread 0x000002081697a270 nmethod 4237 0x00000207c5721290 code [0x00000207c5721460, 0x00000207c57218b0]
Event: 199.662 Thread 0x000002081697a270 4238       1       java.io.ObjectOutputStream::defaultWriteObject (54 bytes)
Event: 199.662 Thread 0x00000207d0b57780 nmethod 4236 0x00000207c5720910 code [0x00000207c5720b20, 0x00000207c5720e90]
Event: 199.663 Thread 0x000002081697a270 nmethod 4238 0x00000207c5720110 code [0x00000207c5720320, 0x00000207c5720678]
Event: 231.762 Thread 0x00000207d0b57780 4239       1       java.util.concurrent.ScheduledThreadPoolExecutor$DelayedWorkQueue::setIndex (16 bytes)
Event: 231.762 Thread 0x00000207d0b57780 nmethod 4239 0x00000207c571fd90 code [0x00000207c571ff20, 0x00000207c5720058]
Event: 251.605 Thread 0x00000207d0b57780 4240       1       jdk.internal.misc.Unsafe::putReferenceOpaque (9 bytes)
Event: 251.606 Thread 0x00000207d0b57780 nmethod 4240 0x00000207c571fa90 code [0x00000207c571fc20, 0x00000207c571fd40]
Event: 251.776 Thread 0x00000207d0b57780 4241       1       org.apache.catalina.util.LifecycleBase::fireLifecycleEvent (56 bytes)
Event: 251.776 Thread 0x00000207d0b57780 nmethod 4241 0x00000207c571f310 code [0x00000207c571f500, 0x00000207c571f8c8]
Event: 251.776 Thread 0x00000207d0b57780 4242       1       org.apache.catalina.LifecycleEvent::<init> (16 bytes)
Event: 251.777 Thread 0x00000207d0b57780 nmethod 4242 0x00000207c571ed90 code [0x00000207c571ef40, 0x00000207c571f1f0]
Event: 271.602 Thread 0x00000207d0b57780 4243       1       java.util.concurrent.locks.AbstractQueuedSynchronizer$ConditionObject::canReacquire (38 bytes)
Event: 271.602 Thread 0x00000207d0b57780 nmethod 4243 0x00000207c571e910 code [0x00000207c571eaa0, 0x00000207c571ec10]
Event: 301.607 Thread 0x00000207d0b57780 4244       1       java.lang.Thread::isInterrupted (5 bytes)
Event: 301.607 Thread 0x00000207d0b57780 nmethod 4244 0x00000207c571e610 code [0x00000207c571e7a0, 0x00000207c571e870]
Event: 301.637 Thread 0x00000207d0b57780 4245       1       java.util.concurrent.ScheduledThreadPoolExecutor$ScheduledFutureTask::compareTo (9 bytes)
Event: 301.637 Thread 0x00000207d0b57780 nmethod 4245 0x00000207c571e210 code [0x00000207c571e3c0, 0x00000207c571e510]
Event: 301.637 Thread 0x00000207d0b57780 4246       1       java.util.concurrent.ScheduledThreadPoolExecutor$ScheduledFutureTask::compareTo (101 bytes)
Event: 301.638 Thread 0x00000207d0b57780 nmethod 4246 0x00000207c571da10 code [0x00000207c571dc00, 0x00000207c571e070]

GC Heap History (14 events):
Event: 0.480 GC heap before
{Heap before GC invocations=0 (full 0):
 garbage-first heap   total 258048K, used 22528K [0x0000000704400000, 0x0000000800000000)
  region size 2048K, 11 young (22528K), 0 survivors (0K)
 Metaspace       used 6803K, committed 6976K, reserved 1114112K
  class space    used 769K, committed 832K, reserved 1048576K
}
Event: 0.483 GC heap after
{Heap after GC invocations=1 (full 0):
 garbage-first heap   total 258048K, used 4682K [0x0000000704400000, 0x0000000800000000)
  region size 2048K, 2 young (4096K), 2 survivors (4096K)
 Metaspace       used 6803K, committed 6976K, reserved 1114112K
  class space    used 769K, committed 832K, reserved 1048576K
}
Event: 0.701 GC heap before
{Heap before GC invocations=1 (full 0):
 garbage-first heap   total 258048K, used 41546K [0x0000000704400000, 0x0000000800000000)
  region size 2048K, 21 young (43008K), 2 survivors (4096K)
 Metaspace       used 11495K, committed 11840K, reserved 1114112K
  class space    used 1414K, committed 1536K, reserved 1048576K
}
Event: 0.707 GC heap after
{Heap after GC invocations=2 (full 0):
 garbage-first heap   total 258048K, used 6640K [0x0000000704400000, 0x0000000800000000)
  region size 2048K, 1 young (2048K), 1 survivors (2048K)
 Metaspace       used 11495K, committed 11840K, reserved 1114112K
  class space    used 1414K, committed 1536K, reserved 1048576K
}
Event: 0.879 GC heap before
{Heap before GC invocations=2 (full 0):
 garbage-first heap   total 258048K, used 53744K [0x0000000704400000, 0x0000000800000000)
  region size 2048K, 25 young (51200K), 1 survivors (2048K)
 Metaspace       used 15728K, committed 16128K, reserved 1114112K
  class space    used 1985K, committed 2176K, reserved 1048576K
}
Event: 0.883 GC heap after
{Heap after GC invocations=3 (full 0):
 garbage-first heap   total 258048K, used 7665K [0x0000000704400000, 0x0000000800000000)
  region size 2048K, 2 young (4096K), 2 survivors (4096K)
 Metaspace       used 15728K, committed 16128K, reserved 1114112K
  class space    used 1985K, committed 2176K, reserved 1048576K
}
Event: 1.004 GC heap before
{Heap before GC invocations=4 (full 0):
 garbage-first heap   total 49152K, used 44529K [0x0000000704400000, 0x0000000800000000)
  region size 2048K, 21 young (43008K), 2 survivors (4096K)
 Metaspace       used 18926K, committed 19264K, reserved 1114112K
  class space    used 2414K, committed 2560K, reserved 1048576K
}
Event: 1.009 GC heap after
{Heap after GC invocations=5 (full 0):
 garbage-first heap   total 53248K, used 8524K [0x0000000704400000, 0x0000000800000000)
  region size 2048K, 2 young (4096K), 2 survivors (4096K)
 Metaspace       used 18926K, committed 19264K, reserved 1114112K
  class space    used 2414K, committed 2560K, reserved 1048576K
}
Event: 1.124 GC heap before
{Heap before GC invocations=5 (full 0):
 garbage-first heap   total 53248K, used 33100K [0x0000000704400000, 0x0000000800000000)
  region size 2048K, 15 young (30720K), 2 survivors (4096K)
 Metaspace       used 21009K, committed 21440K, reserved 1114112K
  class space    used 2685K, committed 2880K, reserved 1048576K
}
Event: 1.127 GC heap after
{Heap after GC invocations=6 (full 0):
 garbage-first heap   total 53248K, used 10082K [0x0000000704400000, 0x0000000800000000)
  region size 2048K, 2 young (4096K), 2 survivors (4096K)
 Metaspace       used 21009K, committed 21440K, reserved 1114112K
  class space    used 2685K, committed 2880K, reserved 1048576K
}
Event: 1.287 GC heap before
{Heap before GC invocations=6 (full 0):
 garbage-first heap   total 53248K, used 34658K [0x0000000704400000, 0x0000000800000000)
  region size 2048K, 15 young (30720K), 2 survivors (4096K)
 Metaspace       used 22548K, committed 22912K, reserved 1114112K
  class space    used 2909K, committed 3072K, reserved 1048576K
}
Event: 1.290 GC heap after
{Heap after GC invocations=7 (full 0):
 garbage-first heap   total 155648K, used 11269K [0x0000000704400000, 0x0000000800000000)
  region size 2048K, 2 young (4096K), 2 survivors (4096K)
 Metaspace       used 22548K, committed 22912K, reserved 1114112K
  class space    used 2909K, committed 3072K, reserved 1048576K
}
Event: 1.498 GC heap before
{Heap before GC invocations=7 (full 0):
 garbage-first heap   total 155648K, used 48133K [0x0000000704400000, 0x0000000800000000)
  region size 2048K, 21 young (43008K), 2 survivors (4096K)
 Metaspace       used 26370K, committed 26880K, reserved 1114112K
  class space    used 3456K, committed 3712K, reserved 1048576K
}
Event: 1.502 GC heap after
{Heap after GC invocations=8 (full 0):
 garbage-first heap   total 155648K, used 13505K [0x0000000704400000, 0x0000000800000000)
  region size 2048K, 3 young (6144K), 3 survivors (6144K)
 Metaspace       used 26370K, committed 26880K, reserved 1114112K
  class space    used 3456K, committed 3712K, reserved 1048576K
}

Dll operation events (12 events):
Event: 0.008 Loaded shared library C:\Program Files\Java\jdk-21\bin\java.dll
Event: 0.201 Loaded shared library C:\Program Files\Java\jdk-21\bin\zip.dll
Event: 0.203 Loaded shared library C:\Program Files\Java\jdk-21\bin\instrument.dll
Event: 0.207 Loaded shared library C:\Program Files\Java\jdk-21\bin\net.dll
Event: 0.208 Loaded shared library C:\Program Files\Java\jdk-21\bin\nio.dll
Event: 0.210 Loaded shared library C:\Program Files\Java\jdk-21\bin\zip.dll
Event: 0.276 Loaded shared library C:\Program Files\Java\jdk-21\bin\jimage.dll
Event: 0.313 Loaded shared library C:\Program Files\Java\jdk-21\bin\management.dll
Event: 0.324 Loaded shared library C:\Program Files\Java\jdk-21\bin\management_ext.dll
Event: 0.443 Loaded shared library C:\Program Files\Java\jdk-21\bin\extnet.dll
Event: 0.454 Loaded shared library C:\Program Files\Java\jdk-21\bin\verify.dll
Event: 1.052 Loaded shared library C:\Program Files\Java\jdk-21\bin\sunmscapi.dll

Deoptimization events (20 events):
Event: 314.999 Thread 0x0000020816960770 DEOPT PACKING pc=0x00000207c57379ac sp=0x00000008415fdf30
Event: 314.999 Thread 0x0000020816960770 DEOPT UNPACKING pc=0x00000207c5614e42 sp=0x00000008415fd430 mode 1
Event: 314.999 Thread 0x0000020816960770 DEOPT PACKING pc=0x00000207c5735f44 sp=0x00000008415fdfe0
Event: 314.999 Thread 0x0000020816960770 DEOPT UNPACKING pc=0x00000207c5614e42 sp=0x00000008415fd550 mode 1
Event: 314.999 Thread 0x0000020816960770 DEOPT PACKING pc=0x00000207c573a794 sp=0x00000008415fe110
Event: 314.999 Thread 0x0000020816960770 DEOPT UNPACKING pc=0x00000207c5614e42 sp=0x00000008415fd640 mode 1
Event: 314.999 Thread 0x0000020816960770 DEOPT PACKING pc=0x00000207c57422b4 sp=0x00000008415fe1f0
Event: 314.999 Thread 0x0000020816960770 DEOPT UNPACKING pc=0x00000207c5614e42 sp=0x00000008415fd6c0 mode 1
Event: 314.999 Thread 0x0000020816960770 DEOPT PACKING pc=0x00000207c57455b4 sp=0x00000008415fe270
Event: 314.999 Thread 0x0000020816960770 DEOPT UNPACKING pc=0x00000207c5614e42 sp=0x00000008415fd768 mode 1
Event: 314.999 Thread 0x0000020816960770 DEOPT PACKING pc=0x00000207c5738674 sp=0x00000008415fe3a0
Event: 314.999 Thread 0x0000020816960770 DEOPT UNPACKING pc=0x00000207c5614e42 sp=0x00000008415fd8c8 mode 1
Event: 314.999 Thread 0x0000020816960770 DEOPT PACKING pc=0x00000207c5725adc sp=0x00000008415fe490
Event: 314.999 Thread 0x0000020816960770 DEOPT UNPACKING pc=0x00000207c5614e42 sp=0x00000008415fd8f8 mode 1
Event: 314.999 Thread 0x0000020816960770 DEOPT PACKING pc=0x00000207c5884594 sp=0x00000008415fe590
Event: 314.999 Thread 0x0000020816960770 DEOPT UNPACKING pc=0x00000207c5614e42 sp=0x00000008415fda90 mode 1
Event: 314.999 Thread 0x0000020816960770 DEOPT PACKING pc=0x00000207c5751a0c sp=0x00000008415fe740
Event: 314.999 Thread 0x0000020816960770 DEOPT UNPACKING pc=0x00000207c5614e42 sp=0x00000008415fdcc8 mode 1
Event: 315.122 Thread 0x00000207bae17860 DEOPT PACKING pc=0x00000207c59e34b4 sp=0x000000083eefe340
Event: 315.122 Thread 0x00000207bae17860 DEOPT UNPACKING pc=0x00000207c5614e42 sp=0x000000083eefd7f8 mode 0

Classes loaded (20 events):
Event: 1.539 Loading class java/util/logging/LogRecord
Event: 1.539 Loading class java/util/logging/LogRecord done
Event: 1.556 Loading class java/util/stream/ReduceOps$2
Event: 1.556 Loading class java/util/stream/ReduceOps$2 done
Event: 1.556 Loading class java/util/stream/ReduceOps$2ReducingSink
Event: 1.556 Loading class java/util/stream/ReduceOps$2ReducingSink done
Event: 1.579 Loading class java/util/stream/SortedOps$SizedRefSortingSink
Event: 1.579 Loading class java/util/stream/SortedOps$SizedRefSortingSink done
Event: 1.583 Loading class java/io/EOFException
Event: 1.583 Loading class java/io/EOFException done
Event: 1.584 Loading class javax/net/ssl/SSLException
Event: 1.584 Loading class javax/net/ssl/SSLException done
Event: 1.588 Loading class java/nio/channels/CompletionHandler
Event: 1.588 Loading class java/nio/channels/CompletionHandler done
Event: 1.591 Loading class jdk/internal/vm/annotation/IntrinsicCandidate
Event: 1.591 Loading class jdk/internal/vm/annotation/IntrinsicCandidate done
Event: 1.595 Loading class java/lang/invoke/DirectMethodHandle$Special
Event: 1.595 Loading class java/lang/invoke/DirectMethodHandle$Special done
Event: 1.600 Loading class jdk/internal/event/ThreadSleepEvent
Event: 1.600 Loading class jdk/internal/event/ThreadSleepEvent done

Classes unloaded (0 events):
No events

Classes redefined (1 events):
Event: 315.131 Thread 0x00000207d0b27730 redefined class name=com.blog.controller.PostController, count=1

Internal exceptions (20 events):
Event: 1.379 Thread 0x00000207bae17860 Exception <a 'java/lang/NoSuchMethodError'{0x000000070ca58c30}: 'java.lang.Object java.lang.invoke.DirectMethodHandle$Holder.invokeStatic(java.lang.Object, java.lang.Object, java.lang.Object, java.lang.Object, int)'> (0x000000070ca58c30) 
thrown [s\open\src\hotspot\share\interpreter\linkResolver.cpp, line 773]
Event: 1.380 Thread 0x00000207bae17860 Exception <a 'java/lang/NoSuchMethodError'{0x000000070ca5ffe0}: 'void java.lang.invoke.DelegatingMethodHandle$Holder.reinvoke_L(java.lang.Object, java.lang.Object, int)'> (0x000000070ca5ffe0) 
thrown [s\open\src\hotspot\share\interpreter\linkResolver.cpp, line 773]
Event: 1.385 Thread 0x00000207bae17860 Exception <a 'java/lang/NoSuchMethodError'{0x000000070cb15118}: 'java.lang.Object java.lang.invoke.DirectMethodHandle$Holder.invokeVirtual(java.lang.Object, java.lang.Object, java.lang.Object, java.lang.Object, java.lang.Object)'> (0x000000070cb15118) 
thrown [s\open\src\hotspot\share\interpreter\linkResolver.cpp, line 773]
Event: 1.426 Thread 0x00000207bae17860 Exception <a 'java/lang/NoSuchMethodError'{0x000000070c5edfa8}: 'java.lang.Object java.lang.invoke.DirectMethodHandle$Holder.invokeVirtual(java.lang.Object, java.lang.Object, java.lang.Object, java.lang.Object, java.lang.Object, java.lang.Object)'> (0x000000070c5edfa8) 
thrown [s\open\src\hotspot\share\interpreter\linkResolver.cpp, line 773]
Event: 1.441 Thread 0x00000207bae17860 Exception <a 'java/lang/NoSuchMethodError'{0x000000070c3d6ac8}: 'void java.lang.invoke.DirectMethodHandle$Holder.invokeInterface(java.lang.Object, java.lang.Object, int)'> (0x000000070c3d6ac8) 
thrown [s\open\src\hotspot\share\interpreter\linkResolver.cpp, line 773]
Event: 1.443 Thread 0x00000207bae17860 Exception <a 'java/lang/IncompatibleClassChangeError'{0x000000070c019620}: Found class java.lang.Object, but interface was expected> (0x000000070c019620) 
thrown [s\open\src\hotspot\share\interpreter\linkResolver.cpp, line 840]
Event: 1.443 Thread 0x00000207bae17860 Exception <a 'java/lang/NoSuchMethodError'{0x000000070c02e3e8}: 'void java.lang.invoke.DirectMethodHandle$Holder.invokeStatic(java.lang.Object, int, java.lang.Object)'> (0x000000070c02e3e8) 
thrown [s\open\src\hotspot\share\interpreter\linkResolver.cpp, line 773]
Event: 1.445 Thread 0x00000207bae17860 Exception <a 'java/lang/NoSuchMethodError'{0x000000070c067a90}: 'void java.lang.invoke.DirectMethodHandle$Holder.invokeStatic(java.lang.Object, java.lang.Object, java.lang.Object, int, java.lang.Object)'> (0x000000070c067a90) 
thrown [s\open\src\hotspot\share\interpreter\linkResolver.cpp, line 773]
Event: 1.445 Thread 0x00000207bae17860 Exception <a 'java/lang/NoSuchMethodError'{0x000000070c06e248}: 'java.lang.Object java.lang.invoke.DirectMethodHandle$Holder.newInvokeSpecial(java.lang.Object, java.lang.Object, java.lang.Object, int)'> (0x000000070c06e248) 
thrown [s\open\src\hotspot\share\interpreter\linkResolver.cpp, line 773]
Event: 1.445 Thread 0x00000207bae17860 Exception <a 'java/lang/NoSuchMethodError'{0x000000070c072038}: 'java.lang.Object java.lang.invoke.DirectMethodHandle$Holder.invokeSpecial(java.lang.Object, java.lang.Object, java.lang.Object, java.lang.Object, int)'> (0x000000070c072038) 
thrown [s\open\src\hotspot\share\interpreter\linkResolver.cpp, line 773]
Event: 1.445 Thread 0x00000207bae17860 Exception <a 'java/lang/NoSuchMethodError'{0x000000070c075508}: 'java.lang.Object java.lang.invoke.Invokers$Holder.linkToTargetMethod(java.lang.Object, java.lang.Object, int, java.lang.Object)'> (0x000000070c075508) 
thrown [s\open\src\hotspot\share\interpreter\linkResolver.cpp, line 773]
Event: 1.474 Thread 0x00000207bae17860 Exception <a 'java/lang/NoSuchMethodError'{0x000000070bd89ac0}: 'java.lang.Object java.lang.invoke.DirectMethodHandle$Holder.invokeStaticInit(java.lang.Object, int)'> (0x000000070bd89ac0) 
thrown [s\open\src\hotspot\share\interpreter\linkResolver.cpp, line 773]
Event: 1.475 Thread 0x00000207bae17860 Exception <a 'java/lang/NoSuchMethodError'{0x000000070bd94c58}: 'java.lang.Object java.lang.invoke.DirectMethodHandle$Holder.invokeStatic(java.lang.Object, int, java.lang.Object)'> (0x000000070bd94c58) 
thrown [s\open\src\hotspot\share\interpreter\linkResolver.cpp, line 773]
Event: 1.475 Thread 0x00000207bae17860 Exception <a 'java/lang/NoSuchMethodError'{0x000000070bd982a8}: 'java.lang.Object java.lang.invoke.DirectMethodHandle$Holder.invokeStaticInit(java.lang.Object, int, java.lang.Object)'> (0x000000070bd982a8) 
thrown [s\open\src\hotspot\share\interpreter\linkResolver.cpp, line 773]
Event: 1.531 Thread 0x00000207bae17860 Exception <a 'java/lang/NoSuchMethodError'{0x0000000707416de0}: 'int java.lang.invoke.DirectMethodHandle$Holder.invokeVirtual(java.lang.Object, java.lang.Object, java.lang.Object, java.lang.Object)'> (0x0000000707416de0) 
thrown [s\open\src\hotspot\share\interpreter\linkResolver.cpp, line 773]
Event: 1.531 Thread 0x00000207bae17860 Exception <a 'java/lang/NoSuchMethodError'{0x000000070741a848}: 'int java.lang.invoke.DelegatingMethodHandle$Holder.reinvoke_L(java.lang.Object, java.lang.Object, java.lang.Object, java.lang.Object)'> (0x000000070741a848) 
thrown [s\open\src\hotspot\share\interpreter\linkResolver.cpp, line 773]
Event: 1.558 Thread 0x00000207bae17860 Exception <a 'java/io/FileNotFoundException'{0x00000007070d3750}> (0x00000007070d3750) 
thrown [s\open\src\hotspot\share\prims\jni.cpp, line 520]
Event: 1.570 Thread 0x00000207bae17860 Exception <a 'java/lang/NoSuchMethodError'{0x0000000706ec7080}: 'int java.lang.invoke.DirectMethodHandle$Holder.invokeInterface(java.lang.Object, java.lang.Object, java.lang.Object, java.lang.Object)'> (0x0000000706ec7080) 
thrown [s\open\src\hotspot\share\interpreter\linkResolver.cpp, line 773]
Event: 1.588 Thread 0x00000207bae17860 Exception <a 'java/lang/NoSuchMethodError'{0x0000000706a42080}: 'long java.lang.invoke.DirectMethodHandle$Holder.invokeVirtual(java.lang.Object, java.lang.Object)'> (0x0000000706a42080) 
thrown [s\open\src\hotspot\share\interpreter\linkResolver.cpp, line 773]
Event: 1.602 Thread 0x00000207bae17860 Exception <a 'java/lang/NoSuchMethodError'{0x0000000706bb5d28}: 'void java.lang.invoke.Invokers$Holder.invokeExact_MT(java.lang.Object, java.lang.Object, java.lang.Object, java.lang.Object)'> (0x0000000706bb5d28) 
thrown [s\open\src\hotspot\share\interpreter\linkResolver.cpp, line 773]

ZGC Phase Switch (0 events):
No events

VM Operations (20 events):
Event: 134.284 Executing VM operation: Cleanup
Event: 134.284 Executing VM operation: Cleanup done
Event: 135.297 Executing VM operation: Cleanup
Event: 135.297 Executing VM operation: Cleanup done
Event: 180.640 Executing VM operation: Cleanup
Event: 180.640 Executing VM operation: Cleanup done
Event: 196.775 Executing VM operation: Cleanup
Event: 196.775 Executing VM operation: Cleanup done
Event: 262.325 Executing VM operation: Cleanup
Event: 262.325 Executing VM operation: Cleanup done
Event: 300.678 Executing VM operation: Cleanup
Event: 300.678 Executing VM operation: Cleanup done
Event: 315.122 Executing VM operation: ChangeSingleStep
Event: 315.122 Executing VM operation: ChangeSingleStep done
Event: 315.122 Executing VM operation: ChangeSingleStep
Event: 315.122 Executing VM operation: ChangeSingleStep done
Event: 315.127 Executing VM operation: RedefineClasses
Event: 315.138 Executing VM operation: RedefineClasses done
Event: 315.140 Executing VM operation: ChangeSingleStep
Event: 315.140 Executing VM operation: ChangeSingleStep done

Events (20 events):
Event: 128.958 Thread 0x0000020816176b90 Thread added: 0x0000020816176b90
Event: 130.494 Thread 0x000002081697a270 Thread added: 0x000002081697a270
Event: 130.494 Thread 0x000002081697a920 Thread added: 0x000002081697a920
Event: 131.520 Thread 0x000002081697a920 Thread exited: 0x000002081697a920
Event: 133.052 Thread 0x000002081697a270 Thread exited: 0x000002081697a270
Event: 134.075 Thread 0x0000020816176b90 Thread exited: 0x0000020816176b90
Event: 134.076 Thread 0x0000020816176b90 Thread added: 0x0000020816176b90
Event: 134.077 Thread 0x000002081697a270 Thread added: 0x000002081697a270
Event: 134.077 Thread 0x000002081697b130 Thread added: 0x000002081697b130
Event: 139.081 Thread 0x000002081697b130 Thread exited: 0x000002081697b130
Event: 139.082 Thread 0x000002081697a270 Thread exited: 0x000002081697a270
Event: 144.082 Thread 0x0000020816176b90 Thread exited: 0x0000020816176b90
Event: 195.563 Thread 0x0000020816176b90 Thread added: 0x0000020816176b90
Event: 195.563 Thread 0x000002081697a270 Thread added: 0x000002081697a270
Event: 195.563 Thread 0x000002081697b130 Thread added: 0x000002081697b130
Event: 199.149 Thread 0x000002081697b130 Thread exited: 0x000002081697b130
Event: 199.149 Thread 0x0000020816176b90 Thread exited: 0x0000020816176b90
Event: 199.149 Thread 0x000002081697a270 Thread exited: 0x000002081697a270
Event: 199.662 Thread 0x000002081697a270 Thread added: 0x000002081697a270
Event: 204.668 Thread 0x000002081697a270 Thread exited: 0x000002081697a270


Dynamic libraries:
0x00007ff6cf990000 - 0x00007ff6cf9a0000 	C:\Program Files\Java\jdk-21\bin\javaw.exe
0x00007ffa7bc10000 - 0x00007ffa7be27000 	C:\WINDOWS\SYSTEM32\ntdll.dll
0x00007ffa7a0d0000 - 0x00007ffa7a194000 	C:\WINDOWS\System32\KERNEL32.DLL
0x00007ffa79490000 - 0x00007ffa79836000 	C:\WINDOWS\System32\KERNELBASE.dll
0x00007ffa79840000 - 0x00007ffa79951000 	C:\WINDOWS\System32\ucrtbase.dll
0x00007ffa6f120000 - 0x00007ffa6f139000 	C:\Program Files\Java\jdk-21\bin\jli.dll
0x00007ffa79d40000 - 0x00007ffa79df3000 	C:\WINDOWS\System32\ADVAPI32.dll
0x00007ffa79a10000 - 0x00007ffa79ab7000 	C:\WINDOWS\System32\msvcrt.dll
0x00007ffa79960000 - 0x00007ffa79a08000 	C:\WINDOWS\System32\sechost.dll
0x00007ffa79130000 - 0x00007ffa79158000 	C:\WINDOWS\System32\bcrypt.dll
0x00007ffa7aa40000 - 0x00007ffa7ab57000 	C:\WINDOWS\System32\RPCRT4.dll
0x00007ffa7a390000 - 0x00007ffa7a53e000 	C:\WINDOWS\System32\USER32.dll
0x00007ffa79100000 - 0x00007ffa79126000 	C:\WINDOWS\System32\win32u.dll
0x00007ffa7a0a0000 - 0x00007ffa7a0c9000 	C:\WINDOWS\System32\GDI32.dll
0x00007ffa79370000 - 0x00007ffa79488000 	C:\WINDOWS\System32\gdi32full.dll
0x00007ffa792d0000 - 0x00007ffa7936a000 	C:\WINDOWS\System32\msvcp_win.dll
0x00007ffa5ebd0000 - 0x00007ffa5ebeb000 	C:\Program Files\Java\jdk-21\bin\VCRUNTIME140.dll
0x00007ffa64920000 - 0x00007ffa64bb3000 	C:\WINDOWS\WinSxS\amd64_microsoft.windows.common-controls_6595b64144ccf1df_6.0.22621.2506_none_270c5ae97388e100\COMCTL32.dll
0x00007ffa6f8f0000 - 0x00007ffa6f8fa000 	C:\WINDOWS\SYSTEM32\VERSION.dll
0x00007ffa7b320000 - 0x00007ffa7b351000 	C:\WINDOWS\System32\IMM32.DLL
0x00007ffa719b0000 - 0x00007ffa719bc000 	C:\Program Files\Java\jdk-21\bin\vcruntime140_1.dll
0x00007ffa4f040000 - 0x00007ffa4f0ce000 	C:\Program Files\Java\jdk-21\bin\msvcp140.dll
0x00007ff9aafa0000 - 0x00007ff9abcb7000 	C:\Program Files\Java\jdk-21\bin\server\jvm.dll
0x00007ffa79ae0000 - 0x00007ffa79b51000 	C:\WINDOWS\System32\WS2_32.dll
0x00007ffa77da0000 - 0x00007ffa77ded000 	C:\WINDOWS\SYSTEM32\POWRPROF.dll
0x00007ffa6f090000 - 0x00007ffa6f0c4000 	C:\WINDOWS\SYSTEM32\WINMM.dll
0x00007ffa77d80000 - 0x00007ffa77d93000 	C:\WINDOWS\SYSTEM32\UMPDC.dll
0x00007ffa78050000 - 0x00007ffa78068000 	C:\WINDOWS\SYSTEM32\kernel.appcore.dll
0x00007ffa71960000 - 0x00007ffa7196a000 	C:\Program Files\Java\jdk-21\bin\jimage.dll
0x00007ffa76320000 - 0x00007ffa76553000 	C:\WINDOWS\SYSTEM32\DBGHELP.DLL
0x00007ffa7abd0000 - 0x00007ffa7af59000 	C:\WINDOWS\System32\combase.dll
0x00007ffa79e00000 - 0x00007ffa79ed7000 	C:\WINDOWS\System32\OLEAUT32.dll
0x00007ffa6eaf0000 - 0x00007ffa6eb22000 	C:\WINDOWS\SYSTEM32\dbgcore.DLL
0x00007ffa79080000 - 0x00007ffa790fa000 	C:\WINDOWS\System32\bcryptPrimitives.dll
0x00007ffa5bf20000 - 0x00007ffa5bf5c000 	C:\Program Files\Java\jdk-21\bin\jdwp.dll
0x00007ffa6f110000 - 0x00007ffa6f11f000 	C:\Program Files\Java\jdk-21\bin\instrument.dll
0x00007ffa5be60000 - 0x00007ffa5be7f000 	C:\Program Files\Java\jdk-21\bin\java.dll
0x00007ffa7b370000 - 0x00007ffa7bbca000 	C:\WINDOWS\System32\SHELL32.dll
0x00007ffa76e60000 - 0x00007ffa77756000 	C:\WINDOWS\SYSTEM32\windows.storage.dll
0x00007ffa76d20000 - 0x00007ffa76e5e000 	C:\WINDOWS\SYSTEM32\wintypes.dll
0x00007ffa7b1b0000 - 0x00007ffa7b2a3000 	C:\WINDOWS\System32\SHCORE.dll
0x00007ffa7a9c0000 - 0x00007ffa7aa1e000 	C:\WINDOWS\System32\shlwapi.dll
0x00007ffa78e80000 - 0x00007ffa78ea6000 	C:\WINDOWS\SYSTEM32\profapi.dll
0x00007ffa5f790000 - 0x00007ffa5f79c000 	C:\Program Files\Java\jdk-21\bin\dt_socket.dll
0x00007ffa77a70000 - 0x00007ffa77a9d000 	C:\WINDOWS\SYSTEM32\IPHLPAPI.DLL
0x00007ffa784f0000 - 0x00007ffa78559000 	C:\WINDOWS\system32\mswsock.dll
0x00007ffa77aa0000 - 0x00007ffa77b99000 	C:\WINDOWS\SYSTEM32\DNSAPI.dll
0x00007ffa7abc0000 - 0x00007ffa7abc9000 	C:\WINDOWS\System32\NSI.dll
0x00007ffa6fb80000 - 0x00007ffa6fb8a000 	C:\Windows\System32\rasadhlp.dll
0x00007ffa701b0000 - 0x00007ffa70233000 	C:\WINDOWS\System32\fwpuclnt.dll
0x00007ffa5bc70000 - 0x00007ffa5bc88000 	C:\Program Files\Java\jdk-21\bin\zip.dll
0x00007ffa5eb70000 - 0x00007ffa5eb80000 	C:\Program Files\Java\jdk-21\bin\net.dll
0x00007ffa71040000 - 0x00007ffa71177000 	C:\WINDOWS\SYSTEM32\WINHTTP.dll
0x00007ffa58970000 - 0x00007ffa58986000 	C:\Program Files\Java\jdk-21\bin\nio.dll
0x00007ffa5cbb0000 - 0x00007ffa5cbba000 	C:\Program Files\Java\jdk-21\bin\management.dll
0x00007ffa5bf10000 - 0x00007ffa5bf1b000 	C:\Program Files\Java\jdk-21\bin\management_ext.dll
0x00007ffa7b120000 - 0x00007ffa7b128000 	C:\WINDOWS\System32\PSAPI.DLL
0x00007ffa5e4d0000 - 0x00007ffa5e4e7000 	C:\WINDOWS\system32\napinsp.dll
0x00007ffa5db90000 - 0x00007ffa5dbab000 	C:\WINDOWS\system32\pnrpnsp.dll
0x00007ffa5db70000 - 0x00007ffa5db81000 	C:\WINDOWS\System32\winrnr.dll
0x00007ffa5db50000 - 0x00007ffa5db65000 	C:\WINDOWS\system32\wshbth.dll
0x00007ffa5d950000 - 0x00007ffa5d971000 	C:\WINDOWS\system32\nlansp_c.dll
0x00007ffa78750000 - 0x00007ffa7876b000 	C:\WINDOWS\SYSTEM32\CRYPTSP.dll
0x00007ffa77fb0000 - 0x00007ffa77fe5000 	C:\WINDOWS\system32\rsaenh.dll
0x00007ffa785e0000 - 0x00007ffa7860c000 	C:\WINDOWS\SYSTEM32\USERENV.dll
0x00007ffa78740000 - 0x00007ffa7874c000 	C:\WINDOWS\SYSTEM32\CRYPTBASE.dll
0x00007ffa581b0000 - 0x00007ffa581b9000 	C:\Program Files\Java\jdk-21\bin\extnet.dll
0x00007ffa581a0000 - 0x00007ffa581b0000 	C:\Program Files\Java\jdk-21\bin\verify.dll
0x00007ffa55120000 - 0x00007ffa5512e000 	C:\Program Files\Java\jdk-21\bin\sunmscapi.dll
0x00007ffa79160000 - 0x00007ffa792c6000 	C:\WINDOWS\System32\CRYPT32.dll
0x00007ffa788e0000 - 0x00007ffa7890e000 	C:\WINDOWS\SYSTEM32\ncrypt.dll
0x00007ffa788a0000 - 0x00007ffa788d7000 	C:\WINDOWS\SYSTEM32\NTASN1.dll

dbghelp: loaded successfully - version: 4.0.5 - missing functions: none
symbol engine: initialized successfully - sym options: 0x614 - pdb path: .;C:\Program Files\Java\jdk-21\bin;C:\WINDOWS\SYSTEM32;C:\WINDOWS\WinSxS\amd64_microsoft.windows.common-controls_6595b64144ccf1df_6.0.22621.2506_none_270c5ae97388e100;C:\Program Files\Java\jdk-21\bin\server

VM Arguments:
jvm_args: -XX:+ShowCodeDetailsInExceptionMessages -agentlib:jdwp=transport=dt_socket,suspend=y,address=localhost:53330 -Dcom.sun.management.jmxremote -Dcom.sun.management.jmxremote.port=53329 -Dcom.sun.management.jmxremote.authenticate=false -Dcom.sun.management.jmxremote.ssl=false -Djava.rmi.server.hostname=localhost -Dspring.jmx.enabled=true -Dmanagement.endpoints.jmx.exposure.include=* -Dspring.application.admin.enabled=true -XX:TieredStopAtLevel=1 -Dspring.boot.project.name=simple-blog -javaagent:S:\sts-4.21.1.RELEASE\configuration\org.eclipse.osgi\259\0\.cp\lib\javaagent-shaded.jar -Dfile.encoding=UTF-8 -Dstdout.encoding=UTF-8 -Dstderr.encoding=UTF-8 
java_command: com.blog.SimpleBlogApplication --spring.output.ansi.enabled=always
java_class_path (initial): S:\Collage\6\PPLBO\Springboot\simple-blog\target\classes;C:\Users\ROFA'UL\.m2\repository\org\springframework\boot\spring-boot-starter-freemarker\3.2.2\spring-boot-starter-freemarker-3.2.2.jar;C:\Users\ROFA'UL\.m2\repository\org\springframework\boot\spring-boot-starter\3.2.2\spring-boot-starter-3.2.2.jar;C:\Users\ROFA'UL\.m2\repository\org\springframework\boot\spring-boot\3.2.2\spring-boot-3.2.2.jar;C:\Users\ROFA'UL\.m2\repository\org\springframework\boot\spring-boot-autoconfigure\3.2.2\spring-boot-autoconfigure-3.2.2.jar;C:\Users\ROFA'UL\.m2\repository\org\springframework\boot\spring-boot-starter-logging\3.2.2\spring-boot-starter-logging-3.2.2.jar;C:\Users\ROFA'UL\.m2\repository\ch\qos\logback\logback-classic\1.4.14\logback-classic-1.4.14.jar;C:\Users\ROFA'UL\.m2\repository\ch\qos\logback\logback-core\1.4.14\logback-core-1.4.14.jar;C:\Users\ROFA'UL\.m2\repository\org\apache\logging\log4j\log4j-to-slf4j\2.21.1\log4j-to-slf4j-2.21.1.jar;C:\Users\ROFA'UL\.m2\repository\org\apache\logging\log4j\log4j-api\2.21.1\log4j-api-2.21.1.jar;C:\Users\ROFA'UL\.m2\repository\org\slf4j\jul-to-slf4j\2.0.11\jul-to-slf4j-2.0.11.jar;C:\Users\ROFA'UL\.m2\repository\jakarta\annotation\jakarta.annotation-api\2.1.1\jakarta.annotation-api-2.1.1.jar;C:\Users\ROFA'UL\.m2\repository\org\yaml\snakeyaml\2.2\snakeyaml-2.2.jar;C:\Users\ROFA'UL\.m2\repository\org\freemarker\freemarker\2.3.32\freemarker-2.3.32.jar;C:\Users\ROFA'UL\.m2\repository\org\springframework\spring-context-support\6.1.3\spring-context-support-6.1.3.jar;C:\Users\ROFA'UL\.m2\repository\org\springframework\spring-beans\6.1.3\spring-beans-6.1.3.jar;C:\Users\ROFA'UL\.m2\repository\org\springframework\spring-context\6.1.3\spring-context-6.1.3.jar;C:\Users\ROFA'UL\.m2\repository\org\springframework\boot\spring-boot-starter-web\3.2.2\spring-boot-starter-web-3.2.2.jar;C:\Users\ROFA'UL\.m2\repository\org\springframework\boot\spring-boot-starter-json\3.2.2\spring-boot-starter-json-3.2.2.jar;C:\Users\ROFA'UL\.m2\repository\com\fasterxml\jackson\core\jackson-databind\2.15.3\jackson-databind-2.15.3.jar;C:\Users\ROFA'UL\.m2\repository\com\fasterxml\jackson\core\jackson-annotations\2.15.3\jackson-annotations-2.15.3.jar;C:\Users\ROFA'UL\.m2\repository\com\fasterxml\jackson\core\jackson-core\2.15.3\jackson-core-2.15.3.jar;C:\Users\ROFA'UL\.m2\repository\com\fasterxml\jackson\datatype\jackson-datatype-jdk8\2.15.3\jackson-datatype-jdk8-2.15.3.jar;C:\Users\ROFA'UL\.m2\repository\com\fasterxml\jackson\datatype\jackson-datatype-jsr310\2.15.3\jackson-datatype-jsr310-2.15.3.jar;C:\Users\ROFA'UL\.m2\repository\com\fasterxml\jackson\module\jackson-module-parameter-names\2.15.3\jackson-module-parameter-names-2.15.3.jar;C:\Users\ROFA'UL\.m2\repository\org\springframework\boot\spring-boot-starter-tomcat\3.2.2\spring-boot-starter-tomcat-3.2.2.jar;C:\Users\ROFA'UL\.m2\repository\org\apache\tomcat\embed\tomcat-embed-core\10.1.18\tomcat-embed-core-10.1.18.jar;C:\Users\ROFA'UL\.m2\repository\org\apache\tomcat\embed\tomcat-embed-el\10.1.18\tomcat-embed-el-10.1.18.jar;C:\Users\ROFA'UL\.m2\repository\org\apache\tomcat\embed\tomcat-embed-websocket\10.1.18\tomcat-embed-websocket-10.1.18.jar;C:\Users\ROFA'UL\.m2\repository\org\springframework\spring-web\6.1.3\spring-web-6.1.3.jar;C:\Users\ROFA'UL\.m2\repository\io\micrometer\micrometer-observation\1.12.2\micrometer-observation-1.12.2.jar;C:\Users\ROFA'UL\.m2\repository\io\micrometer\micrometer-commons\1.12.2\micrometer-commons-1.12.2.jar;C:\Users\ROFA'UL\.m2\repository\org\springframework\spring-webmvc\6.1.3\spring-webmvc-6.1.3.jar;C:\Users\ROFA'UL\.m2\repository\org\springframework\spring-aop\6.1.3\spring-aop-6.1.3.jar;C:\Users\ROFA'UL\.m2\repository\org\springframework\spring-expression\6.1.3\spring-expression-6.1.3.jar;C:\Users\ROFA'UL\.m2\repository\org\slf4j\slf4j-api\2.0.11\slf4j-api-2.0.11.jar;C:\Users\ROFA'UL\.m2\repository\org\springframework\spring-core\6.1.3\spring-core-6.1.3.jar;C:\Users\ROFA'UL\.m2\repository\org\springframework\spring-jcl\6.1.3\spring-jcl-6.1.3.jar
Launcher Type: SUN_STANDARD

[Global flags]
     intx CICompilerCount                          = 12                                        {product} {ergonomic}
     uint ConcGCThreads                            = 3                                         {product} {ergonomic}
     uint G1ConcRefinementThreads                  = 13                                        {product} {ergonomic}
   size_t G1HeapRegionSize                         = 2097152                                   {product} {ergonomic}
    uintx GCDrainStackTargetSize                   = 64                                        {product} {ergonomic}
   size_t InitialHeapSize                          = 264241152                                 {product} {ergonomic}
     bool ManagementServer                         = true                                      {product} {command line}
   size_t MarkStackSize                            = 4194304                                   {product} {ergonomic}
   size_t MaxHeapSize                              = 4223664128                                {product} {ergonomic}
   size_t MaxNewSize                               = 2533359616                                {product} {ergonomic}
   size_t MinHeapDeltaBytes                        = 2097152                                   {product} {ergonomic}
   size_t MinHeapSize                              = 8388608                                   {product} {ergonomic}
    uintx NonNMethodCodeHeapSize                   = 4096                                   {pd product} {ergonomic}
    uintx NonProfiledCodeHeapSize                  = 0                                      {pd product} {ergonomic}
     bool ProfileInterpreter                       = false                                  {pd product} {command line}
    uintx ProfiledCodeHeapSize                     = 0                                      {pd product} {ergonomic}
     bool ShowCodeDetailsInExceptionMessages       = true                                   {manageable} {command line}
   size_t SoftMaxHeapSize                          = 4223664128                             {manageable} {ergonomic}
     intx TieredStopAtLevel                        = 1                                         {product} {command line}
     bool UseCompressedOops                        = true                           {product lp64_product} {ergonomic}
     bool UseG1GC                                  = true                                      {product} {ergonomic}
     bool UseLargePagesIndividualAllocation        = false                                  {pd product} {ergonomic}

Logging:
Log output configuration:
 #0: stdout all=warning uptime,level,tags foldmultilines=false
 #1: stderr all=off uptime,level,tags foldmultilines=false

Environment Variables:
JAVA_HOME=C:\Program Files\Java\jdk-21
PATH=S:/sts-4.21.1.RELEASE//plugins/org.eclipse.justj.openjdk.hotspot.jre.full.win32.x86_64_17.0.10.v20240120-1143/jre/bin/server;S:/sts-4.21.1.RELEASE//plugins/org.eclipse.justj.openjdk.hotspot.jre.full.win32.x86_64_17.0.10.v20240120-1143/jre/bin;C:\Program Files\Common Files\Oracle\Java\javapath;C:\Windows\system32;C:\Windows;C:\Windows\System32\Wbem;C:\Windows\System32\WindowsPowerShell\v1.0\;C:\Windows\System32\OpenSSH\;C:\Program Files (x86)\NVIDIA Corporation\PhysX\Common;C:\Program Files\NVIDIA Corporation\NVIDIA NvDLISR;C:\Program Files\Java\jdk-21\bin;C:\WINDOWS\system32;C:\WINDOWS;C:\WINDOWS\System32\Wbem;C:\WINDOWS\System32\WindowsPowerShell\v1.0\;C:\WINDOWS\System32\OpenSSH\;C:\Program Files\dotnet\;C:\Program Files\nodejs\;C:\Program Files\Git\cmd;C:\xampp\php;C:\composer;C:\Program Files\Docker\Docker\resources\bin;C:\apache-maven-4.0.0-alpha-12\bin;C:\Users\ROFA'UL\AppData\Local\Programs\Python\Python311\Scripts\;C:\Users\ROFA'UL\AppData\Local\Programs\Python\Python311\;C:\Users\ROFA'UL\AppData\Local\Microsoft\WindowsApps;C:\Program Files\mongosh\;C:\Users\ROFA'UL\.dotnet\tools;C:\Users\ROFA'UL\AppData\Local\Programs\Microsoft VS Code\bin;C:\Users\ROFA'UL\AppData\Roaming\npm;C:\ProgramData\ROFA'UL\GitHubDesktop\bin;C:\Users\ROFA'UL\AppData\Roaming\Composer\vendor\bin;C:\apache-maven-4.0.0-alpha-12\bin;C:\Program Files\Java\jdk-21\bin;;S:\sts-4.21.1.RELEASE;
USERNAME=ROFA'UL
OS=Windows_NT
PROCESSOR_IDENTIFIER=Intel64 Family 6 Model 154 Stepping 3, GenuineIntel
TMP=C:\Users\ROFA'UL\AppData\Local\Temp
TEMP=C:\Users\ROFA'UL\AppData\Local\Temp




Periodic native trim disabled

---------------  S Y S T E M  ---------------

OS:
 Windows 11 , 64 bit Build 22621 (10.0.22621.2506)
OS uptime: 0 days 3:58 hours
Hyper-V role detected

CPU: total 16 (initial active 16) (8 cores per cpu, 2 threads per core) family 6 model 154 stepping 3 microcode 0x419, cx8, cmov, fxsr, ht, mmx, 3dnowpref, sse, sse2, sse3, ssse3, sse4.1, sse4.2, popcnt, lzcnt, tsc, tscinvbit, avx, avx2, aes, erms, clmul, bmi1, bmi2, adx, sha, fma, vzeroupper, clflush, clflushopt, clwb, hv, serialize, rdtscp, rdpid, fsrm, f16c, cet_ibt, cet_ss
Processor Information for processor 0
  Max Mhz: 2300, Current Mhz: 1506, Mhz Limit: 2300
Processor Information for processor 1
  Max Mhz: 2300, Current Mhz: 2300, Mhz Limit: 2300
Processor Information for processor 2
  Max Mhz: 2300, Current Mhz: 2300, Mhz Limit: 2300
Processor Information for processor 3
  Max Mhz: 2300, Current Mhz: 1506, Mhz Limit: 2300
Processor Information for processor 4
  Max Mhz: 2300, Current Mhz: 2300, Mhz Limit: 2300
Processor Information for processor 5
  Max Mhz: 2300, Current Mhz: 2300, Mhz Limit: 2300
Processor Information for processor 6
  Max Mhz: 2300, Current Mhz: 2300, Mhz Limit: 2300
Processor Information for processor 7
  Max Mhz: 2300, Current Mhz: 2300, Mhz Limit: 2300
Processor Information for processor 8
  Max Mhz: 2300, Current Mhz: 2300, Mhz Limit: 2300
Processor Information for processor 9
  Max Mhz: 2300, Current Mhz: 1506, Mhz Limit: 2300
Processor Information for processor 10
  Max Mhz: 2300, Current Mhz: 2300, Mhz Limit: 2300
Processor Information for processor 11
  Max Mhz: 2300, Current Mhz: 1506, Mhz Limit: 2300
Processor Information for processor 12
  Max Mhz: 2300, Current Mhz: 1500, Mhz Limit: 1679
Processor Information for processor 13
  Max Mhz: 2300, Current Mhz: 1500, Mhz Limit: 1679
Processor Information for processor 14
  Max Mhz: 2300, Current Mhz: 1500, Mhz Limit: 1679
Processor Information for processor 15
  Max Mhz: 2300, Current Mhz: 1500, Mhz Limit: 1679

Memory: 4k page, system-wide physical 16109M (5561M free)
TotalPageFile size 19693M (AvailPageFile size 5177M)
current process WorkingSet (physical memory assigned to process): 150M, peak: 189M
current process commit charge ("private bytes"): 205M, peak: 384M

vm_info: Java HotSpot(TM) 64-Bit Server VM (21.0.2+13-LTS-58) for windows-amd64 JRE (21.0.2+13-LTS-58), built on 2024-01-05T18:32:24Z by "mach5one" with MS VC++ 17.1 (VS2022)

END.
